This is pdfTeX, Version 3.14159265-2.6-1.40.16 (TeX Live 2015) (preloaded format=pdflatex 2015.5.24)  9 JUN 2017 14:56
entering extended mode
 restricted \write18 enabled.
 file:line:error style messages enabled.
 %&-line parsing enabled.
**ms.tex
(./ms.tex
LaTeX2e <2015/01/01>
Babel <3.9l> and hyphenation patterns for 79 languages loaded.
(/Users/melissagraham/Library/texmf/tex/latex/lsst/lsstdoc.cls
Document Class: lsstdoc 2016/12/12 v1.1 LSST document class
(/usr/local/texlive/2015/texmf-dist/tex/latex/base/article.cls
Document Class: article 2014/09/29 v1.4h Standard LaTeX document class
(/usr/local/texlive/2015/texmf-dist/tex/latex/base/size11.clo
File: size11.clo 2014/09/29 v1.4h Standard LaTeX file (size option)
)
\c@part=\count79
\c@section=\count80
\c@subsection=\count81
\c@subsubsection=\count82
\c@paragraph=\count83
\c@subparagraph=\count84
\c@figure=\count85
\c@table=\count86
\abovecaptionskip=\skip41
\belowcaptionskip=\skip42
\bibindent=\dimen102
)
(/usr/local/texlive/2015/texmf-dist/tex/generic/ifxetex/ifxetex.sty
Package: ifxetex 2010/09/12 v0.6 Provides ifxetex conditional
)
(/usr/local/texlive/2015/texmf-dist/tex/latex/base/fontenc.sty
Package: fontenc 2005/09/27 v1.99g Standard LaTeX package

(/usr/local/texlive/2015/texmf-dist/tex/latex/base/t1enc.def
File: t1enc.def 2005/09/27 v1.99g Standard LaTeX file
LaTeX Font Info:    Redeclaring font encoding T1 on input line 48.
))
(/usr/local/texlive/2015/texmf-dist/tex/latex/base/inputenc.sty
Package: inputenc 2015/03/17 v1.2c Input encoding file
\inpenc@prehook=\toks14
\inpenc@posthook=\toks15

(/usr/local/texlive/2015/texmf-dist/tex/latex/ucs/utf8x.def
File: utf8x.def 2004/10/17 UCS: Input encoding UTF-8
))
(/usr/local/texlive/2015/texmf-dist/tex/latex/ucs/ucs.sty
Package: ucs 2013/05/11 v2.2 UCS: Unicode input support

(/usr/local/texlive/2015/texmf-dist/tex/latex/ucs/data/uni-global.def
File: uni-global.def 2013/05/13 UCS: Unicode global data
)
\uc@secondtry=\count87
\uc@combtoks=\toks16
\uc@combtoksb=\toks17
\uc@temptokena=\toks18
)
(/usr/local/texlive/2015/texmf-dist/tex/latex/opensans/opensans.sty
Package: opensans 2011/11/11 Opensans

(/usr/local/texlive/2015/texmf-dist/tex/latex/graphics/keyval.sty
Package: keyval 2014/10/28 v1.15 key=value parser (DPC)
\KV@toks@=\toks19
)
(/usr/local/texlive/2015/texmf-dist/tex/latex/slantsc/slantsc.sty
Package: slantsc 2012/01/01 v2.11 Provide Slanted an Italic Small Caps

(/usr/local/texlive/2015/texmf-dist/tex/latex/base/ifthen.sty
Package: ifthen 2014/09/29 v1.1c Standard LaTeX ifthen package (DPC)
)
LaTeX Info: Redefining \upshape on input line 35.
LaTeX Info: Redefining \slshape on input line 45.
LaTeX Info: Redefining \itshape on input line 55.
LaTeX Info: Redefining \scshape on input line 65.
))
(/usr/local/texlive/2015/texmf-dist/tex/latex/inconsolata/inconsolata.sty
Package: inconsolata 2014/06/22 v1.05

`inconsolata-zi4' v1.05, 2014/06/22 Text macros for Inconsolata (msharpe)
(/usr/local/texlive/2015/texmf-dist/tex/latex/base/textcomp.sty
Package: textcomp 2005/09/27 v1.99g Standard LaTeX package
Package textcomp Info: Sub-encoding information:
(textcomp)               5 = only ISO-Adobe without \textcurrency
(textcomp)               4 = 5 + \texteuro
(textcomp)               3 = 4 + \textohm
(textcomp)               2 = 3 + \textestimated + \textcurrency
(textcomp)               1 = TS1 - \textcircled - \t
(textcomp)               0 = TS1 (full)
(textcomp)             Font families with sub-encoding setting implement
(textcomp)             only a restricted character set as indicated.
(textcomp)             Family '?' is the default used for unknown fonts.
(textcomp)             See the documentation for details.
Package textcomp Info: Setting ? sub-encoding to TS1/1 on input line 79.

(/usr/local/texlive/2015/texmf-dist/tex/latex/base/ts1enc.def
File: ts1enc.def 2001/06/05 v3.0e (jk/car/fm) Standard LaTeX file
)
LaTeX Info: Redefining \oldstylenums on input line 334.
Package textcomp Info: Setting cmr sub-encoding to TS1/0 on input line 349.
Package textcomp Info: Setting cmss sub-encoding to TS1/0 on input line 350.
Package textcomp Info: Setting cmtt sub-encoding to TS1/0 on input line 351.
Package textcomp Info: Setting cmvtt sub-encoding to TS1/0 on input line 352.
Package textcomp Info: Setting cmbr sub-encoding to TS1/0 on input line 353.
Package textcomp Info: Setting cmtl sub-encoding to TS1/0 on input line 354.
Package textcomp Info: Setting ccr sub-encoding to TS1/0 on input line 355.
Package textcomp Info: Setting ptm sub-encoding to TS1/4 on input line 356.
Package textcomp Info: Setting pcr sub-encoding to TS1/4 on input line 357.
Package textcomp Info: Setting phv sub-encoding to TS1/4 on input line 358.
Package textcomp Info: Setting ppl sub-encoding to TS1/3 on input line 359.
Package textcomp Info: Setting pag sub-encoding to TS1/4 on input line 360.
Package textcomp Info: Setting pbk sub-encoding to TS1/4 on input line 361.
Package textcomp Info: Setting pnc sub-encoding to TS1/4 on input line 362.
Package textcomp Info: Setting pzc sub-encoding to TS1/4 on input line 363.
Package textcomp Info: Setting bch sub-encoding to TS1/4 on input line 364.
Package textcomp Info: Setting put sub-encoding to TS1/5 on input line 365.
Package textcomp Info: Setting uag sub-encoding to TS1/5 on input line 366.
Package textcomp Info: Setting ugq sub-encoding to TS1/5 on input line 367.
Package textcomp Info: Setting ul8 sub-encoding to TS1/4 on input line 368.
Package textcomp Info: Setting ul9 sub-encoding to TS1/4 on input line 369.
Package textcomp Info: Setting augie sub-encoding to TS1/5 on input line 370.
Package textcomp Info: Setting dayrom sub-encoding to TS1/3 on input line 371.
Package textcomp Info: Setting dayroms sub-encoding to TS1/3 on input line 372.

Package textcomp Info: Setting pxr sub-encoding to TS1/0 on input line 373.
Package textcomp Info: Setting pxss sub-encoding to TS1/0 on input line 374.
Package textcomp Info: Setting pxtt sub-encoding to TS1/0 on input line 375.
Package textcomp Info: Setting txr sub-encoding to TS1/0 on input line 376.
Package textcomp Info: Setting txss sub-encoding to TS1/0 on input line 377.
Package textcomp Info: Setting txtt sub-encoding to TS1/0 on input line 378.
Package textcomp Info: Setting lmr sub-encoding to TS1/0 on input line 379.
Package textcomp Info: Setting lmdh sub-encoding to TS1/0 on input line 380.
Package textcomp Info: Setting lmss sub-encoding to TS1/0 on input line 381.
Package textcomp Info: Setting lmssq sub-encoding to TS1/0 on input line 382.
Package textcomp Info: Setting lmvtt sub-encoding to TS1/0 on input line 383.
Package textcomp Info: Setting lmtt sub-encoding to TS1/0 on input line 384.
Package textcomp Info: Setting qhv sub-encoding to TS1/0 on input line 385.
Package textcomp Info: Setting qag sub-encoding to TS1/0 on input line 386.
Package textcomp Info: Setting qbk sub-encoding to TS1/0 on input line 387.
Package textcomp Info: Setting qcr sub-encoding to TS1/0 on input line 388.
Package textcomp Info: Setting qcs sub-encoding to TS1/0 on input line 389.
Package textcomp Info: Setting qpl sub-encoding to TS1/0 on input line 390.
Package textcomp Info: Setting qtm sub-encoding to TS1/0 on input line 391.
Package textcomp Info: Setting qzc sub-encoding to TS1/0 on input line 392.
Package textcomp Info: Setting qhvc sub-encoding to TS1/0 on input line 393.
Package textcomp Info: Setting futs sub-encoding to TS1/4 on input line 394.
Package textcomp Info: Setting futx sub-encoding to TS1/4 on input line 395.
Package textcomp Info: Setting futj sub-encoding to TS1/4 on input line 396.
Package textcomp Info: Setting hlh sub-encoding to TS1/3 on input line 397.
Package textcomp Info: Setting hls sub-encoding to TS1/3 on input line 398.
Package textcomp Info: Setting hlst sub-encoding to TS1/3 on input line 399.
Package textcomp Info: Setting hlct sub-encoding to TS1/5 on input line 400.
Package textcomp Info: Setting hlx sub-encoding to TS1/5 on input line 401.
Package textcomp Info: Setting hlce sub-encoding to TS1/5 on input line 402.
Package textcomp Info: Setting hlcn sub-encoding to TS1/5 on input line 403.
Package textcomp Info: Setting hlcw sub-encoding to TS1/5 on input line 404.
Package textcomp Info: Setting hlcf sub-encoding to TS1/5 on input line 405.
Package textcomp Info: Setting pplx sub-encoding to TS1/3 on input line 406.
Package textcomp Info: Setting pplj sub-encoding to TS1/3 on input line 407.
Package textcomp Info: Setting ptmx sub-encoding to TS1/4 on input line 408.
Package textcomp Info: Setting ptmj sub-encoding to TS1/4 on input line 409.
)
\zifour@ocount=\count88
)
(/usr/local/texlive/2015/texmf-dist/tex/latex/xcolor/xcolor.sty
Package: xcolor 2007/01/21 v2.11 LaTeX color extensions (UK)

(/usr/local/texlive/2015/texmf-dist/tex/latex/latexconfig/color.cfg
File: color.cfg 2007/01/18 v1.5 color configuration of teTeX/TeXLive
)
Package xcolor Info: Package option `usenames' ignored on input line 216.
Package xcolor Info: Driver file: pdftex.def on input line 225.

(/usr/local/texlive/2015/texmf-dist/tex/latex/pdftex-def/pdftex.def
File: pdftex.def 2011/05/27 v0.06d Graphics/color for pdfTeX

(/usr/local/texlive/2015/texmf-dist/tex/generic/oberdiek/infwarerr.sty
Package: infwarerr 2010/04/08 v1.3 Providing info/warning/error messages (HO)
)
(/usr/local/texlive/2015/texmf-dist/tex/generic/oberdiek/ltxcmds.sty
Package: ltxcmds 2011/11/09 v1.22 LaTeX kernel commands for general use (HO)
)
\Gread@gobject=\count89
)
Package xcolor Info: Model `cmy' substituted by `cmy0' on input line 1337.
Package xcolor Info: Model `hsb' substituted by `rgb' on input line 1341.
Package xcolor Info: Model `RGB' extended on input line 1353.
Package xcolor Info: Model `HTML' substituted by `rgb' on input line 1355.
Package xcolor Info: Model `Hsb' substituted by `hsb' on input line 1356.
Package xcolor Info: Model `tHsb' substituted by `hsb' on input line 1357.
Package xcolor Info: Model `HSB' substituted by `hsb' on input line 1358.
Package xcolor Info: Model `Gray' substituted by `gray' on input line 1359.
Package xcolor Info: Model `wave' substituted by `hsb' on input line 1360.
)
(/usr/local/texlive/2015/texmf-dist/tex/latex/amsmath/amsmath.sty
Package: amsmath 2013/01/14 v2.14 AMS math features
\@mathmargin=\skip43

For additional information on amsmath, use the `?' option.
(/usr/local/texlive/2015/texmf-dist/tex/latex/amsmath/amstext.sty
Package: amstext 2000/06/29 v2.01

(/usr/local/texlive/2015/texmf-dist/tex/latex/amsmath/amsgen.sty
File: amsgen.sty 1999/11/30 v2.0
\@emptytoks=\toks20
\ex@=\dimen103
))
(/usr/local/texlive/2015/texmf-dist/tex/latex/amsmath/amsbsy.sty
Package: amsbsy 1999/11/29 v1.2d
\pmbraise@=\dimen104
)
(/usr/local/texlive/2015/texmf-dist/tex/latex/amsmath/amsopn.sty
Package: amsopn 1999/12/14 v2.01 operator names
)
\inf@bad=\count90
LaTeX Info: Redefining \frac on input line 210.
\uproot@=\count91
\leftroot@=\count92
LaTeX Info: Redefining \overline on input line 306.
\classnum@=\count93
\DOTSCASE@=\count94
LaTeX Info: Redefining \ldots on input line 378.
LaTeX Info: Redefining \dots on input line 381.
LaTeX Info: Redefining \cdots on input line 466.
\Mathstrutbox@=\box26
\strutbox@=\box27
\big@size=\dimen105
LaTeX Font Info:    Redeclaring font encoding OML on input line 566.
LaTeX Font Info:    Redeclaring font encoding OMS on input line 567.
\macc@depth=\count95
\c@MaxMatrixCols=\count96
\dotsspace@=\muskip10
\c@parentequation=\count97
\dspbrk@lvl=\count98
\tag@help=\toks21
\row@=\count99
\column@=\count100
\maxfields@=\count101
\andhelp@=\toks22
\eqnshift@=\dimen106
\alignsep@=\dimen107
\tagshift@=\dimen108
\tagwidth@=\dimen109
\totwidth@=\dimen110
\lineht@=\dimen111
\@envbody=\toks23
\multlinegap=\skip44
\multlinetaggap=\skip45
\mathdisplay@stack=\toks24
LaTeX Info: Redefining \[ on input line 2665.
LaTeX Info: Redefining \] on input line 2666.
)
(/usr/local/texlive/2015/texmf-dist/tex/latex/amsfonts/amssymb.sty
Package: amssymb 2013/01/14 v3.01 AMS font symbols

(/usr/local/texlive/2015/texmf-dist/tex/latex/amsfonts/amsfonts.sty
Package: amsfonts 2013/01/14 v3.01 Basic AMSFonts support
\symAMSa=\mathgroup4
\symAMSb=\mathgroup5
LaTeX Font Info:    Overwriting math alphabet `\mathfrak' in version `bold'
(Font)                  U/euf/m/n --> U/euf/b/n on input line 106.
))
(/usr/local/texlive/2015/texmf-dist/tex/latex/tools/calc.sty
Package: calc 2014/10/28 v4.3 Infix arithmetic (KKT,FJ)
\calc@Acount=\count102
\calc@Bcount=\count103
\calc@Adimen=\dimen112
\calc@Bdimen=\dimen113
\calc@Askip=\skip46
\calc@Bskip=\skip47
LaTeX Info: Redefining \setlength on input line 80.
LaTeX Info: Redefining \addtolength on input line 81.
\calc@Ccount=\count104
\calc@Cskip=\skip48
)
(/usr/local/texlive/2015/texmf-dist/tex/latex/tools/array.sty
Package: array 2014/10/28 v2.4c Tabular extension package (FMi)
\col@sep=\dimen114
\extrarowheight=\dimen115
\NC@list=\toks25
\extratabsurround=\skip49
\backup@length=\skip50
)
(/usr/local/texlive/2015/texmf-dist/tex/latex/fancyhdr/fancyhdr.sty
\fancy@headwidth=\skip51
\f@ncyO@elh=\skip52
\f@ncyO@erh=\skip53
\f@ncyO@olh=\skip54
\f@ncyO@orh=\skip55
\f@ncyO@elf=\skip56
\f@ncyO@erf=\skip57
\f@ncyO@olf=\skip58
\f@ncyO@orf=\skip59
)
(/usr/local/texlive/2015/texmf-dist/tex/latex/multirow/multirow.sty
\bigstrutjot=\dimen116
)
(/usr/local/texlive/2015/texmf-dist/tex/latex/float/float.sty
Package: float 2001/11/08 v1.3d Float enhancements (AL)
\c@float@type=\count105
\float@exts=\toks26
\float@box=\box28
\@float@everytoks=\toks27
\@floatcapt=\box29
)
(/usr/local/texlive/2015/texmf-dist/tex/latex/graphics/graphicx.sty
Package: graphicx 2014/10/28 v1.0g Enhanced LaTeX Graphics (DPC,SPQR)

(/usr/local/texlive/2015/texmf-dist/tex/latex/graphics/graphics.sty
Package: graphics 2014/10/28 v1.0p Standard LaTeX Graphics (DPC,SPQR)

(/usr/local/texlive/2015/texmf-dist/tex/latex/graphics/trig.sty
Package: trig 1999/03/16 v1.09 sin cos tan (DPC)
)
(/usr/local/texlive/2015/texmf-dist/tex/latex/latexconfig/graphics.cfg
File: graphics.cfg 2010/04/23 v1.9 graphics configuration of TeX Live
)
Package graphics Info: Driver file: pdftex.def on input line 94.
)
\Gin@req@height=\dimen117
\Gin@req@width=\dimen118
)
(/usr/local/texlive/2015/texmf-dist/tex/latex/tools/longtable.sty
Package: longtable 2014/10/28 v4.11 Multi-page Table package (DPC)
\LTleft=\skip60
\LTright=\skip61
\LTpre=\skip62
\LTpost=\skip63
\LTchunksize=\count106
\LTcapwidth=\dimen119
\LT@head=\box30
\LT@firsthead=\box31
\LT@foot=\box32
\LT@lastfoot=\box33
\LT@cols=\count107
\LT@rows=\count108
\c@LT@tables=\count109
\c@LT@chunks=\count110
\LT@p@ftn=\toks28
)
(/usr/local/texlive/2015/texmf-dist/tex/latex/eso-pic/eso-pic.sty
Package: eso-pic 2015/04/20 v2.0e eso-pic (RN)

(/usr/local/texlive/2015/texmf-dist/tex/generic/oberdiek/atbegshi.sty
Package: atbegshi 2011/10/05 v1.16 At begin shipout hook (HO)

(/usr/local/texlive/2015/texmf-dist/tex/generic/oberdiek/ifpdf.sty
Package: ifpdf 2011/01/30 v2.3 Provides the ifpdf switch (HO)
Package ifpdf Info: pdfTeX in PDF mode is detected.
)))
(/usr/local/texlive/2015/texmf-dist/tex/latex/setspace/setspace.sty
Package: setspace 2011/12/19 v6.7a set line spacing
)
(/usr/local/texlive/2015/texmf-dist/tex/latex/hyperref/hyperref.sty
Package: hyperref 2012/11/06 v6.83m Hypertext links for LaTeX

(/usr/local/texlive/2015/texmf-dist/tex/generic/oberdiek/hobsub-hyperref.sty
Package: hobsub-hyperref 2012/05/28 v1.13 Bundle oberdiek, subset hyperref (HO)


(/usr/local/texlive/2015/texmf-dist/tex/generic/oberdiek/hobsub-generic.sty
Package: hobsub-generic 2012/05/28 v1.13 Bundle oberdiek, subset generic (HO)
Package: hobsub 2012/05/28 v1.13 Construct package bundles (HO)
Package hobsub Info: Skipping package `infwarerr' (already loaded).
Package hobsub Info: Skipping package `ltxcmds' (already loaded).
Package: ifluatex 2010/03/01 v1.3 Provides the ifluatex switch (HO)
Package ifluatex Info: LuaTeX not detected.
Package: ifvtex 2010/03/01 v1.5 Detect VTeX and its facilities (HO)
Package ifvtex Info: VTeX not detected.
Package: intcalc 2007/09/27 v1.1 Expandable calculations with integers (HO)
Package hobsub Info: Skipping package `ifpdf' (already loaded).
Package: etexcmds 2011/02/16 v1.5 Avoid name clashes with e-TeX commands (HO)
Package etexcmds Info: Could not find \expanded.
(etexcmds)             That can mean that you are not using pdfTeX 1.50 or
(etexcmds)             that some package has redefined \expanded.
(etexcmds)             In the latter case, load this package earlier.
Package: kvsetkeys 2012/04/25 v1.16 Key value parser (HO)
Package: kvdefinekeys 2011/04/07 v1.3 Define keys (HO)
Package: pdftexcmds 2011/11/29 v0.20 Utility functions of pdfTeX for LuaTeX (HO
)
Package pdftexcmds Info: LuaTeX not detected.
Package pdftexcmds Info: \pdf@primitive is available.
Package pdftexcmds Info: \pdf@ifprimitive is available.
Package pdftexcmds Info: \pdfdraftmode found.
Package: pdfescape 2011/11/25 v1.13 Implements pdfTeX's escape features (HO)
Package: bigintcalc 2012/04/08 v1.3 Expandable calculations on big integers (HO
)
Package: bitset 2011/01/30 v1.1 Handle bit-vector datatype (HO)
Package: uniquecounter 2011/01/30 v1.2 Provide unlimited unique counter (HO)
)
Package hobsub Info: Skipping package `hobsub' (already loaded).
Package: letltxmacro 2010/09/02 v1.4 Let assignment for LaTeX macros (HO)
Package: hopatch 2012/05/28 v1.2 Wrapper for package hooks (HO)
Package: xcolor-patch 2011/01/30 xcolor patch
Package: atveryend 2011/06/30 v1.8 Hooks at the very end of document (HO)
Package atveryend Info: \enddocument detected (standard20110627).
Package hobsub Info: Skipping package `atbegshi' (already loaded).
Package: refcount 2011/10/16 v3.4 Data extraction from label references (HO)
Package: hycolor 2011/01/30 v1.7 Color options for hyperref/bookmark (HO)
)
(/usr/local/texlive/2015/texmf-dist/tex/latex/oberdiek/auxhook.sty
Package: auxhook 2011/03/04 v1.3 Hooks for auxiliary files (HO)
)
(/usr/local/texlive/2015/texmf-dist/tex/latex/oberdiek/kvoptions.sty
Package: kvoptions 2011/06/30 v3.11 Key value format for package options (HO)
)
\@linkdim=\dimen120
\Hy@linkcounter=\count111
\Hy@pagecounter=\count112

(/usr/local/texlive/2015/texmf-dist/tex/latex/hyperref/pd1enc.def
File: pd1enc.def 2012/11/06 v6.83m Hyperref: PDFDocEncoding definition (HO)
)
\Hy@SavedSpaceFactor=\count113

(/usr/local/texlive/2015/texmf-dist/tex/latex/latexconfig/hyperref.cfg
File: hyperref.cfg 2002/06/06 v1.2 hyperref configuration of TeXLive
)
Package hyperref Info: Hyper figures OFF on input line 4443.
Package hyperref Info: Link nesting OFF on input line 4448.
Package hyperref Info: Hyper index ON on input line 4451.
Package hyperref Info: Plain pages OFF on input line 4458.
Package hyperref Info: Backreferencing OFF on input line 4463.
Package hyperref Info: Implicit mode ON; LaTeX internals redefined.
Package hyperref Info: Bookmarks ON on input line 4688.
\c@Hy@tempcnt=\count114

(/usr/local/texlive/2015/texmf-dist/tex/latex/url/url.sty
\Urlmuskip=\muskip11
Package: url 2013/09/16  ver 3.4  Verb mode for urls, etc.
)
LaTeX Info: Redefining \url on input line 5041.
\XeTeXLinkMargin=\dimen121
\Fld@menulength=\count115
\Field@Width=\dimen122
\Fld@charsize=\dimen123
Package hyperref Info: Hyper figures OFF on input line 6295.
Package hyperref Info: Link nesting OFF on input line 6300.
Package hyperref Info: Hyper index ON on input line 6303.
Package hyperref Info: backreferencing OFF on input line 6310.
Package hyperref Info: Link coloring OFF on input line 6315.
Package hyperref Info: Link coloring with OCG OFF on input line 6320.
Package hyperref Info: PDF/A mode OFF on input line 6325.
LaTeX Info: Redefining \ref on input line 6365.
LaTeX Info: Redefining \pageref on input line 6369.
\Hy@abspage=\count116
\c@Item=\count117
\c@Hfootnote=\count118
)

Package hyperref Message: Driver (autodetected): hpdftex.

(/usr/local/texlive/2015/texmf-dist/tex/latex/hyperref/hpdftex.def
File: hpdftex.def 2012/11/06 v6.83m Hyperref driver for pdfTeX
\Fld@listcount=\count119
\c@bookmark@seq@number=\count120

(/usr/local/texlive/2015/texmf-dist/tex/latex/oberdiek/rerunfilecheck.sty
Package: rerunfilecheck 2011/04/15 v1.7 Rerun checks for auxiliary files (HO)
Package uniquecounter Info: New unique counter `rerunfilecheck' on input line 2
82.
)
\Hy@SectionHShift=\skip64
)
(/usr/local/texlive/2015/texmf-dist/tex/latex/numprint/numprint.sty
Package: numprint 2012/08/20 v1.39 Print numbers (HH)
\c@nprt@mantissa@digitsbefore=\count121
\c@nprt@mantissa@digitsafter=\count122
\c@nprt@exponent@digitsbefore=\count123
\c@nprt@exponent@digitsafter=\count124
\nprt@digitwidth=\skip65
\nprt@sepwidth=\skip66
\nprt@decimalwidth=\skip67
\nprt@blockwidth=\skip68
\nprt@digittoks=\toks29
\nprt@pretoks=\toks30
\nprt@posttoks=\toks31
\nprt@thisdigit=\count125
\nprt@curpos=\count126
\nprt@rndpos=\count127
\c@nprt@digitsfirstblock=\count128
\c@nprt@blockcnt=\count129
\c@nprt@cntprint=\count130

No configuration file `numprint.cfg' found.)
(/usr/local/texlive/2015/texmf-dist/tex/latex/isodate/isodate.sty
Package: isodate 2010/01/03 v2.30 Print dates with different formats (HH)

(/usr/local/texlive/2015/texmf-dist/tex/latex/substr/substr.sty
Package: substr 2009/10/20 v1.2 Handle substrings
\c@su@anzahl=\count131
)
(/usr/local/texlive/2015/texmf-dist/tex/latex/isodate/english.idf
File: english.idf 2010/01/03 v2.30 Language definitions for isodate package (HH
)

Define commands for English date format
)
\c@iso@tmpmonth=\count132
\c@iso@yeartwo=\count133
\c@iso@slash=\count134
\c@iso@minus=\count135
\c@iso@dot=\count136
\c@iso@@slash=\count137
\c@iso@@minus=\count138
\c@iso@@dot=\count139
) (/usr/local/texlive/2015/texmf-dist/tex/latex/titlesec/titlesec.sty
Package: titlesec 2011/12/15 v2.10.0 Sectioning titles
\ttl@box=\box34
\beforetitleunit=\skip69
\aftertitleunit=\skip70
\ttl@plus=\dimen124
\ttl@minus=\dimen125
\ttl@toksa=\toks32
\titlewidth=\dimen126
\titlewidthlast=\dimen127
\titlewidthfirst=\dimen128
)
(/usr/local/texlive/2015/texmf-dist/tex/generic/babel/babel.sty
Package: babel 2014/09/25 3.9l The Babel package

(/usr/local/texlive/2015/texmf-dist/tex/generic/babel-english/english.ldf
Language: english 2012/08/20 v3.3p English support from the babel system

(/usr/local/texlive/2015/texmf-dist/tex/generic/babel/babel.def
File: babel.def 2014/09/25 3.9l Babel common definitions
\babel@savecnt=\count140
\U@D=\dimen129
)
\l@canadian = a dialect from \language\l@american 
\l@australian = a dialect from \language\l@british 
\l@newzealand = a dialect from \language\l@british 
))
(/usr/local/texlive/2015/texmf-dist/tex/latex/tools/tabularx.sty
Package: tabularx 2014/10/28 v2.10 `tabularx' package (DPC)
\TX@col@width=\dimen130
\TX@old@table=\dimen131
\TX@old@col=\dimen132
\TX@target=\dimen133
\TX@delta=\dimen134
\TX@cols=\count141
\TX@ftn=\toks33
)
(/usr/local/texlive/2015/texmf-dist/tex/latex/tools/xspace.sty
Package: xspace 2014/10/28 v1.13 Space after command names (DPC,MH)
)
(/usr/local/texlive/2015/texmf-dist/tex/generic/xstring/xstring.sty
(/usr/local/texlive/2015/texmf-dist/tex/generic/xstring/xstring.tex
\@xs@message=\write3
\integerpart=\count142
\decimalpart=\count143
)
Package: xstring 2013/10/13  v1.7c  String manipulations (C Tellechea)
)
(/usr/local/texlive/2015/texmf-dist/tex/latex/listings/listings.sty
\lst@mode=\count144
\lst@gtempboxa=\box35
\lst@token=\toks34
\lst@length=\count145
\lst@currlwidth=\dimen135
\lst@column=\count146
\lst@pos=\count147
\lst@lostspace=\dimen136
\lst@width=\dimen137
\lst@newlines=\count148
\lst@lineno=\count149
\lst@maxwidth=\dimen138

(/usr/local/texlive/2015/texmf-dist/tex/latex/listings/lstmisc.sty
File: lstmisc.sty 2014/09/06 1.5e (Carsten Heinz)
\c@lstnumber=\count150
\lst@skipnumbers=\count151
\lst@framebox=\box36
)
(/usr/local/texlive/2015/texmf-dist/tex/latex/listings/listings.cfg
File: listings.cfg 2014/09/06 1.5e listings configuration
))
Package: listings 2014/09/06 1.5e (Carsten Heinz)
\footerTitle=\box37

(/usr/local/texlive/2015/texmf-dist/tex/latex/natbib/natbib.sty
Package: natbib 2010/09/13 8.31b (PWD, AO)
\bibhang=\skip71
\bibsep=\skip72
LaTeX Info: Redefining \cite on input line 694.
\c@NAT@ctr=\count152
)
(/usr/local/texlive/2015/texmf-dist/tex/latex/geometry/geometry.sty
Package: geometry 2010/09/12 v5.6 Page Geometry
\Gm@cnth=\count153
\Gm@cntv=\count154
\c@Gm@tempcnt=\count155
\Gm@bindingoffset=\dimen139
\Gm@wd@mp=\dimen140
\Gm@odd@mp=\dimen141
\Gm@even@mp=\dimen142
\Gm@layoutwidth=\dimen143
\Gm@layoutheight=\dimen144
\Gm@layouthoffset=\dimen145
\Gm@layoutvoffset=\dimen146
\Gm@dimlist=\toks35
)
\headextrawidth=\skip73
\lsstheadlogowidth=\skip74
\lsstheadwidth=\skip75
\lsstheadlogooffset=\skip76
\lsstheadertextwidth=\skip77
\lsstheadergap=\skip78
\lsstleftheadrule=\skip79
\c@areqi=\count156
\c@@dfreqincr=\count157
\c@reqincr=\count158
\c@@reqdepth=\count159
\c@@checkreq=\count160
\c@aacti=\count161
\c@@dfparincr=\count162
\c@gaiapar=\count163
\c@nparaincr=\count164
)
(/usr/local/texlive/2015/texmf-dist/tex/latex/base/latexsym.sty
Package: latexsym 1998/08/17 v2.2e Standard LaTeX package (lasy symbols)
\symlasy=\mathgroup6
LaTeX Font Info:    Overwriting symbol font `lasy' in version `bold'
(Font)                  U/lasy/m/n --> U/lasy/b/n on input line 52.
)
(/usr/local/texlive/2015/texmf-dist/tex/latex/enumitem/enumitem.sty
Package: enumitem 2011/09/28 v3.5.2 Customized lists
\labelindent=\skip80
\enit@outerparindent=\dimen147
\enit@toks=\toks36
\enit@inbox=\box38
\enitdp@description=\count165
)

Class lsstdoc Warning: For setDocRevision please use the Change Record on input
 line 15.


Class lsstdoc Warning: For setDocStatus use the lsstdraft option to enable draf
t mode. Document is released by default. on input line 16.

(./ms.aux

LaTeX Warning: Label `C1' multiply defined.


LaTeX Warning: Label `C2' multiply defined.


LaTeX Warning: Label `ssec:dmdocs_SPinWFD_L1' multiply defined.


LaTeX Warning: Label `C3' multiply defined.


LaTeX Warning: Label `C4' multiply defined.


LaTeX Warning: Label `C5' multiply defined.


LaTeX Warning: Label `C6' multiply defined.


LaTeX Warning: Label `C7' multiply defined.


LaTeX Warning: Label `C8' multiply defined.


LaTeX Warning: Label `C9' multiply defined.


LaTeX Warning: Label `C10' multiply defined.


LaTeX Warning: Label `C11' multiply defined.


LaTeX Warning: Label `C12' multiply defined.


LaTeX Warning: Label `C13' multiply defined.


LaTeX Warning: Label `C14' multiply defined.


LaTeX Warning: Label `C15' multiply defined.


LaTeX Warning: Label `C16' multiply defined.


LaTeX Warning: Label `C17' multiply defined.


LaTeX Warning: Label `C18' multiply defined.

)
\openout1 = `ms.aux'.

LaTeX Font Info:    Checking defaults for OML/cmm/m/it on input line 26.
LaTeX Font Info:    ... okay on input line 26.
LaTeX Font Info:    Checking defaults for T1/cmr/m/n on input line 26.
LaTeX Font Info:    ... okay on input line 26.
LaTeX Font Info:    Checking defaults for OT1/cmr/m/n on input line 26.
LaTeX Font Info:    ... okay on input line 26.
LaTeX Font Info:    Checking defaults for OMS/cmsy/m/n on input line 26.
LaTeX Font Info:    ... okay on input line 26.
LaTeX Font Info:    Checking defaults for OMX/cmex/m/n on input line 26.
LaTeX Font Info:    ... okay on input line 26.
LaTeX Font Info:    Checking defaults for U/cmr/m/n on input line 26.
LaTeX Font Info:    ... okay on input line 26.
LaTeX Font Info:    Checking defaults for TS1/cmr/m/n on input line 26.
LaTeX Font Info:    Try loading font information for TS1+cmr on input line 26.
 (/usr/local/texlive/2015/texmf-dist/tex/latex/base/ts1cmr.fd
File: ts1cmr.fd 2014/09/29 v2.5h Standard LaTeX font definitions
)
LaTeX Font Info:    ... okay on input line 26.
LaTeX Font Info:    Checking defaults for PD1/pdf/m/n on input line 26.
LaTeX Font Info:    ... okay on input line 26.
LaTeX Font Info:    Try loading font information for T1+fos on input line 26.

(/usr/local/texlive/2015/texmf-dist/tex/latex/opensans/t1fos.fd
File: t1fos.fd 2011/11/11 Fontinst v1.927 font definitions for T1/fos.
)
(/usr/local/texlive/2015/texmf-dist/tex/latex/ucs/ucsencs.def
File: ucsencs.def 2011/01/21 Fixes to fontencodings LGR, T3
)
(/usr/local/texlive/2015/texmf-dist/tex/latex/upquote/upquote.sty
Package: upquote 2012/04/19 v1.3 upright-quote and grave-accent glyphs in verba
tim
)
(/usr/local/texlive/2015/texmf-dist/tex/context/base/supp-pdf.mkii
[Loading MPS to PDF converter (version 2006.09.02).]
\scratchcounter=\count166
\scratchdimen=\dimen148
\scratchbox=\box39
\nofMPsegments=\count167
\nofMParguments=\count168
\everyMPshowfont=\toks37
\MPscratchCnt=\count169
\MPscratchDim=\dimen149
\MPnumerator=\count170
\makeMPintoPDFobject=\count171
\everyMPtoPDFconversion=\toks38
) (/usr/local/texlive/2015/texmf-dist/tex/latex/oberdiek/epstopdf-base.sty
Package: epstopdf-base 2010/02/09 v2.5 Base part for package epstopdf

(/usr/local/texlive/2015/texmf-dist/tex/latex/oberdiek/grfext.sty
Package: grfext 2010/08/19 v1.1 Manage graphics extensions (HO)
)
Package grfext Info: Graphics extension search list:
(grfext)             [.png,.pdf,.jpg,.mps,.jpeg,.jbig2,.jb2,.PNG,.PDF,.JPG,.JPE
G,.JBIG2,.JB2,.eps]
(grfext)             \AppendGraphicsExtensions on input line 452.

(/usr/local/texlive/2015/texmf-dist/tex/latex/latexconfig/epstopdf-sys.cfg
File: epstopdf-sys.cfg 2010/07/13 v1.3 Configuration of (r)epstopdf for TeX Liv
e
))
\AtBeginShipoutBox=\box40
Package hyperref Info: Link coloring OFF on input line 26.

(/usr/local/texlive/2015/texmf-dist/tex/latex/hyperref/nameref.sty
Package: nameref 2012/10/27 v2.43 Cross-referencing by name of section

(/usr/local/texlive/2015/texmf-dist/tex/generic/oberdiek/gettitlestring.sty
Package: gettitlestring 2010/12/03 v1.4 Cleanup title references (HO)
)
\c@section@level=\count172
)
LaTeX Info: Redefining \ref on input line 26.
LaTeX Info: Redefining \pageref on input line 26.
LaTeX Info: Redefining \nameref on input line 26.

(./ms.out) (./ms.out)
\@outlinefile=\write4
\openout4 = `ms.out'.


isodate: babel.sty has been loaded
\c@lstlisting=\count173
*geometry* driver: auto-detecting
*geometry* detected driver: pdftex
*geometry* verbose mode - [ preamble ] result:
* driver: pdftex
* paper: letterpaper
* layout: <same size as paper>
* layoutoffset:(h,v)=(0.0pt,0.0pt)
* modes: includehead includefoot includemp 
* h-part:(L,W,R)=(72.26999pt, 539.75499pt, 2.27002pt)
* v-part:(T,H,B)=(31.5597pt, 716.07076pt, 47.33954pt)
* \paperwidth=614.295pt
* \paperheight=794.96999pt
* \textwidth=469.75499pt
* \textheight=614.295pt
* \oddsidemargin=0.0pt
* \evensidemargin=0.0pt
* \topmargin=-40.7103pt
* \headheight=40.0pt
* \headsep=21.77576pt
* \topskip=11.0pt
* \footskip=40.0pt
* \marginparwidth=60.0pt
* \marginparsep=10.0pt
* \columnsep=10.0pt
* \skip\footins=10.0pt plus 4.0pt minus 2.0pt
* \hoffset=0.0pt
* \voffset=0.0pt
* \mag=1000
* \@twocolumnfalse
* \@twosidefalse
* \@mparswitchfalse
* \@reversemarginfalse
* (1in=72.27pt=25.4mm, 1cm=28.453pt)


Package hyperref Warning: Token not allowed in a PDF string (PDFDocEncoding):
(hyperref)                removing `\\' on input line 28.

\lssttitletextwidth=\skip81
\lssttitlewidth=\skip82
\lsstlefttitlerule=\skip83
LaTeX Font Info:    Font shape `T1/fos/bx/n' in size <17.28> not available
(Font)              Font shape `T1/fos/b/n' tried instead on input line 28.
LaTeX Font Info:    Font shape `T1/fos/bx/n' in size <24.88> not available
(Font)              Font shape `T1/fos/b/n' tried instead on input line 28.
LaTeX Font Info:    Font shape `T1/fos/bx/n' in size <14.4> not available
(Font)              Font shape `T1/fos/b/n' tried instead on input line 28.
LaTeX Font Info:    Try loading font information for U+msa on input line 28.
(/usr/local/texlive/2015/texmf-dist/tex/latex/amsfonts/umsa.fd
File: umsa.fd 2013/01/14 v3.01 AMS symbols A
)
LaTeX Font Info:    Try loading font information for U+msb on input line 28.

(/usr/local/texlive/2015/texmf-dist/tex/latex/amsfonts/umsb.fd
File: umsb.fd 2013/01/14 v3.01 AMS symbols B
)
LaTeX Font Info:    Try loading font information for U+lasy on input line 28.

(/usr/local/texlive/2015/texmf-dist/tex/latex/base/ulasy.fd
File: ulasy.fd 1998/08/17 v2.2e LaTeX symbol font definitions
)
LaTeX Font Info:    Font shape `T1/fos/bx/n' in size <10.95> not available
(Font)              Font shape `T1/fos/b/n' tried instead on input line 28.

<lsstscopegrey.png, id=120, 542.9886pt x 520.8258pt>
File: lsstscopegrey.png Graphic file (type png)
 <use lsstscopegrey.png>
Package pdftex.def Info: lsstscopegrey.png used on input line 28.
(pdftex.def)             Requested size: 516.73335pt x 495.67973pt.

<lsst_logo_notext.png, id=122, 513.92pt x 129.48375pt>
File: lsst_logo_notext.png Graphic file (type png)

<use lsst_logo_notext.png>
Package pdftex.def Info: lsst_logo_notext.png used on input line 28.
(pdftex.def)             Requested size: 252.94499pt x 63.7301pt.
 [1{/usr/local/texlive/2015/texmf-var/fonts/map/pdftex/updmap/pdftex.map}

 </Users/melissagraham/Library/texmf/tex/latex/lsst/lsstscopegrey.png> </Users/
melissagraham/Library/texmf/tex/latex/lsst/lsst_logo_notext.png>]
File: lsst_logo_notext.png Graphic file (type png)
 <use lsst_logo_notext.png>
Package pdftex.def Info: lsst_logo_notext.png used on input line 28.
(pdftex.def)             Requested size: 84.55244pt x 21.30264pt.
LaTeX Font Info:    Font shape `T1/fos/bx/n' in size <6> not available
(Font)              Font shape `T1/fos/b/n' tried instead on input line 28.
 [2]
LaTeX Font Info:    Font shape `T1/fos/bx/n' in size <10> not available
(Font)              Font shape `T1/fos/b/n' tried instead on input line 28.
File: lsst_logo_notext.png Graphic file (type png)
 <use lsst_logo_notext.png>
Package pdftex.def Info: lsst_logo_notext.png used on input line 28.
(pdftex.def)             Requested size: 84.55244pt x 21.30264pt.
 [3

] (./ms.toc
File: lsst_logo_notext.png Graphic file (type png)

<use lsst_logo_notext.png>
Package pdftex.def Info: lsst_logo_notext.png used on input line 23.
(pdftex.def)             Requested size: 84.55244pt x 21.30264pt.
 [4

])
\tf@toc=\write5
\openout5 = `ms.toc'.

File: lsst_logo_notext.png Graphic file (type png)
 <use lsst_logo_notext.png>
Package pdftex.def Info: lsst_logo_notext.png used on input line 28.
(pdftex.def)             Requested size: 84.55244pt x 21.30264pt.
 [5]
Overfull \hbox (4.01141pt too wide) in paragraph at lines 47--51
\T1/fos/m/n/10.95 (3) en-sur-ing the iden-ti-fied needs be-come spec-i-fied re-
quire-ments (i.e., spawn change re-quests). 
 []

LaTeX Font Info:    Font shape `T1/fos/bx/it' in size <10.95> not available
(Font)              Font shape `T1/fos/b/it' tried instead on input line 52.
File: lsst_logo_notext.png Graphic file (type png)
<use lsst_logo_notext.png>
Package pdftex.def Info: lsst_logo_notext.png used on input line 66.
(pdftex.def)             Requested size: 84.55244pt x 21.30264pt.
 [1

]
LaTeX Font Info:    Font shape `T1/fos/bx/n' in size <12> not available
(Font)              Font shape `T1/fos/b/n' tried instead on input line 68.
LaTeX Font Info:    Try loading font information for T1+zi4 on input line 70.

(/usr/local/texlive/2015/texmf-dist/tex/latex/inconsolata/t1zi4.fd
File: t1zi4.fd 2014/06/22 T1/zi4 (Inconsolata)
)
File: lsst_logo_notext.png Graphic file (type png)

<use lsst_logo_notext.png>
Package pdftex.def Info: lsst_logo_notext.png used on input line 90.
(pdftex.def)             Requested size: 84.55244pt x 21.30264pt.
 [2

]
LaTeX Font Info:    Font shape `T1/zi4/bx/n' in size <10.95> not available
(Font)              Font shape `T1/zi4/b/n' tried instead on input line 95.
File: lsst_logo_notext.png Graphic file (type png)
 <use lsst_logo_notext.png>
Package pdftex.def Info: lsst_logo_notext.png used on input line 106.
(pdftex.def)             Requested size: 84.55244pt x 21.30264pt.
 [3

]
File: lsst_logo_notext.png Graphic file (type png)

<use lsst_logo_notext.png>
Package pdftex.def Info: lsst_logo_notext.png used on input line 116.
(pdftex.def)             Requested size: 84.55244pt x 21.30264pt.
 [4]
Underfull \hbox (badness 10000) in paragraph at lines 123--127

 []

File: lsst_logo_notext.png Graphic file (type png)
<use lsst_logo_notext.png>
Package pdftex.def Info: lsst_logo_notext.png used on input line 134.
(pdftex.def)             Requested size: 84.55244pt x 21.30264pt.
 [5

]
File: lsst_logo_notext.png Graphic file (type png)
 <use lsst_logo_notext.png>
Package pdftex.def Info: lsst_logo_notext.png used on input line 143.
(pdftex.def)             Requested size: 84.55244pt x 21.30264pt.
 [6]
Overfull \hbox (3.96307pt too wide) in paragraph at lines 146--147
\T1/zi4/m/n/10.95 spiedigitallibrary . org / proceeding . aspx ? articleid = 84
8256$[]\T1/fos/m/n/10.95 ) to at least sim-ply char-ac-ter-ize the
 []

File: lsst_logo_notext.png Graphic file (type png)
<use lsst_logo_notext.png>
Package pdftex.def Info: lsst_logo_notext.png used on input line 157.
(pdftex.def)             Requested size: 84.55244pt x 21.30264pt.
 [7]
File: lsst_logo_notext.png Graphic file (type png)
 <use lsst_logo_notext.png>
Package pdftex.def Info: lsst_logo_notext.png used on input line 166.
(pdftex.def)             Requested size: 84.55244pt x 21.30264pt.
 [8]
File: lsst_logo_notext.png Graphic file (type png)

<use lsst_logo_notext.png>
Package pdftex.def Info: lsst_logo_notext.png used on input line 174.
(pdftex.def)             Requested size: 84.55244pt x 21.30264pt.
 [9]
File: lsst_logo_notext.png Graphic file (type png)
 <use lsst_logo_notext.png>
Package pdftex.def Info: lsst_logo_notext.png used on input line 193.
(pdftex.def)             Requested size: 84.55244pt x 21.30264pt.
 [10]
File: lsst_logo_notext.png Graphic file (type png)

<use lsst_logo_notext.png>
Package pdftex.def Info: lsst_logo_notext.png used on input line 212.
(pdftex.def)             Requested size: 84.55244pt x 21.30264pt.
 [11]
File: lsst_logo_notext.png Graphic file (type png)
 <use lsst_logo_notext.png>
Package pdftex.def Info: lsst_logo_notext.png used on input line 218.
(pdftex.def)             Requested size: 84.55244pt x 21.30264pt.
 [12]
File: lsst_logo_notext.png Graphic file (type png)

<use lsst_logo_notext.png>
Package pdftex.def Info: lsst_logo_notext.png used on input line 225.
(pdftex.def)             Requested size: 84.55244pt x 21.30264pt.
 [13]
File: lsst_logo_notext.png Graphic file (type png)
 <use lsst_logo_notext.png>
Package pdftex.def Info: lsst_logo_notext.png used on input line 246.
(pdftex.def)             Requested size: 84.55244pt x 21.30264pt.
 [14

]
File: lsst_logo_notext.png Graphic file (type png)

<use lsst_logo_notext.png>
Package pdftex.def Info: lsst_logo_notext.png used on input line 268.
(pdftex.def)             Requested size: 84.55244pt x 21.30264pt.
 [15]
Overfull \hbox (5.51076pt too wide) in paragraph at lines 274--276
\T1/fos/m/n/10.95 There should at least be a sep-a-rate database for each kind 
of tem-plate im-age. These databases
 []

File: lsst_logo_notext.png Graphic file (type png)
<use lsst_logo_notext.png>
Package pdftex.def Info: lsst_logo_notext.png used on input line 279.
(pdftex.def)             Requested size: 84.55244pt x 21.30264pt.
 [16]
File: lsst_logo_notext.png Graphic file (type png)
 <use lsst_logo_notext.png>
Package pdftex.def Info: lsst_logo_notext.png used on input line 302.
(pdftex.def)             Requested size: 84.55244pt x 21.30264pt.
 [17]
File: lsst_logo_notext.png Graphic file (type png)

<use lsst_logo_notext.png>
Package pdftex.def Info: lsst_logo_notext.png used on input line 319.
(pdftex.def)             Requested size: 84.55244pt x 21.30264pt.
 [18]
File: lsst_logo_notext.png Graphic file (type png)
 <use lsst_logo_notext.png>
Package pdftex.def Info: lsst_logo_notext.png used on input line 322.
(pdftex.def)             Requested size: 84.55244pt x 21.30264pt.
 [19]
File: lsst_logo_notext.png Graphic file (type png)

<use lsst_logo_notext.png>
Package pdftex.def Info: lsst_logo_notext.png used on input line 343.
(pdftex.def)             Requested size: 84.55244pt x 21.30264pt.
 [20]
Overfull \hbox (16.0519pt too wide) in paragraph at lines 349--357
\T1/fos/m/n/10.95 Brandt []$\T1/zi4/m/n/10.95 https : / / project . lsst . org 
/ meetings / lsst2016 / sites / lsst . org . meetings . lsst2016 / files /
 []


Overfull \hbox (3.2398pt too wide) in paragraph at lines 349--357
\OMS/cmsy/m/n/10.95 ^^O$ \T1/fos/m/n/10.95 List of LSST Deep Drilling white pa-
pers: []$\T1/zi4/m/n/10.95 https : / / project . lsst . org / content / whitepa
pers32012$[] 
 []


Underfull \hbox (badness 10000) in paragraph at lines 349--357

 []

File: lsst_logo_notext.png Graphic file (type png)
<use lsst_logo_notext.png>
Package pdftex.def Info: lsst_logo_notext.png used on input line 362.
(pdftex.def)             Requested size: 84.55244pt x 21.30264pt.
 [21

]
Overfull \hbox (9.48541pt too wide) in paragraph at lines 368--389
 [] 
 []

File: lsst_logo_notext.png Graphic file (type png)
<use lsst_logo_notext.png>
Package pdftex.def Info: lsst_logo_notext.png used on input line 405.
(pdftex.def)             Requested size: 84.55244pt x 21.30264pt.
 [22]
File: lsst_logo_notext.png Graphic file (type png)
 <use lsst_logo_notext.png>
Package pdftex.def Info: lsst_logo_notext.png used on input line 426.
(pdftex.def)             Requested size: 84.55244pt x 21.30264pt.
 [23]
File: lsst_logo_notext.png Graphic file (type png)

<use lsst_logo_notext.png>
Package pdftex.def Info: lsst_logo_notext.png used on input line 446.
(pdftex.def)             Requested size: 84.55244pt x 21.30264pt.
 [24]
Underfull \hbox (badness 10000) in paragraph at lines 447--454

 []

File: lsst_logo_notext.png Graphic file (type png)
<use lsst_logo_notext.png>
Package pdftex.def Info: lsst_logo_notext.png used on input line 464.
(pdftex.def)             Requested size: 84.55244pt x 21.30264pt.
 [25]
File: lsst_logo_notext.png Graphic file (type png)
 <use lsst_logo_notext.png>
Package pdftex.def Info: lsst_logo_notext.png used on input line 478.
(pdftex.def)             Requested size: 84.55244pt x 21.30264pt.
 [26]
File: lsst_logo_notext.png Graphic file (type png)

<use lsst_logo_notext.png>
Package pdftex.def Info: lsst_logo_notext.png used on input line 495.
(pdftex.def)             Requested size: 84.55244pt x 21.30264pt.
 [27]
File: lsst_logo_notext.png Graphic file (type png)
 <use lsst_logo_notext.png>
Package pdftex.def Info: lsst_logo_notext.png used on input line 510.
(pdftex.def)             Requested size: 84.55244pt x 21.30264pt.
 [28]
File: lsst_logo_notext.png Graphic file (type png)

<use lsst_logo_notext.png>
Package pdftex.def Info: lsst_logo_notext.png used on input line 533.
(pdftex.def)             Requested size: 84.55244pt x 21.30264pt.
 [29]
File: lsst_logo_notext.png Graphic file (type png)
 <use lsst_logo_notext.png>
Package pdftex.def Info: lsst_logo_notext.png used on input line 547.
(pdftex.def)             Requested size: 84.55244pt x 21.30264pt.
 [30] (./ms.bbl
File: lsst_logo_notext.png Graphic file (type png)

<use lsst_logo_notext.png>
Package pdftex.def Info: lsst_logo_notext.png used on input line 35.
(pdftex.def)             Requested size: 84.55244pt x 21.30264pt.
 [31]
File: lsst_logo_notext.png Graphic file (type png)
 <use lsst_logo_notext.png>
Package pdftex.def Info: lsst_logo_notext.png used on input line 101.
(pdftex.def)             Requested size: 84.55244pt x 21.30264pt.
 [32])
Package atveryend Info: Empty hook `BeforeClearDocument' on input line 563.
File: lsst_logo_notext.png Graphic file (type png)

<use lsst_logo_notext.png>
Package pdftex.def Info: lsst_logo_notext.png used on input line 563.
(pdftex.def)             Requested size: 84.55244pt x 21.30264pt.
 [33]
Package atveryend Info: Empty hook `AfterLastShipout' on input line 563.
 (./ms.aux)
Package atveryend Info: Executing hook `AtVeryEndDocument' on input line 563.
Package atveryend Info: Executing hook `AtEndAfterFileList' on input line 563.
Package rerunfilecheck Info: File `ms.out' has not changed.
(rerunfilecheck)             Checksum: 5E272C15E935F2299BC3F57D572E52DC;2362.


LaTeX Warning: There were multiply-defined labels.

Package atveryend Info: Empty hook `AtVeryVeryEnd' on input line 563.
 ) 
Here is how much of TeX's memory you used:
 12594 strings out of 493089
 179626 string characters out of 6134842
 314443 words of memory out of 5000000
 15642 multiletter control sequences out of 15000+600000
 106729 words of font info for 134 fonts, out of 8000000 for 9000
 1141 hyphenation exceptions out of 8191
 37i,16n,48p,1343b,540s stack positions out of 5000i,500n,10000p,200000b,80000s
{/usr/local/texlive/2015/texmf-dist/fonts/enc/dvips/opensans/opensans-04.enc}
{/usr/local/texlive/2015/texmf-dist/fonts/enc/dvips/opensans/opensans-03.enc}{/
usr/local/texlive/2015/texmf-dist/fonts/enc/dvips/inconsolata/i4-t1-0.enc}{/usr
/local/texlive/2015/texmf-dist/fonts/enc/dvips/opensans/opensans-02.enc}{/usr/l
ocal/texlive/2015/texmf-dist/fonts/enc/dvips/opensans/opensans-01.enc}</usr/loc
al/texlive/2015/texmf-dist/fonts/type1/public/inconsolata/Inconsolata-zi4b.pfb>
</usr/local/texlive/2015/texmf-dist/fonts/type1/public/inconsolata/Inconsolata-
zi4r.pfb></usr/local/texlive/2015/texmf-dist/fonts/type1/public/opensans/OpenSa
ns-Bold.pfb></usr/local/texlive/2015/texmf-dist/fonts/type1/public/opensans/Ope
nSans-BoldItalic.pfb></usr/local/texlive/2015/texmf-dist/fonts/type1/public/ope
nsans/OpenSans-Italic.pfb></usr/local/texlive/2015/texmf-dist/fonts/type1/publi
c/opensans/OpenSans-Regular.pfb></usr/local/texlive/2015/texmf-dist/fonts/type1
/public/amsfonts/cm/cmmi10.pfb></usr/local/texlive/2015/texmf-dist/fonts/type1/
public/amsfonts/cm/cmmi8.pfb></usr/local/texlive/2015/texmf-dist/fonts/type1/pu
blic/amsfonts/cm/cmr10.pfb></usr/local/texlive/2015/texmf-dist/fonts/type1/publ
ic/amsfonts/cm/cmr8.pfb></usr/local/texlive/2015/texmf-dist/fonts/type1/public/
amsfonts/cm/cmsy10.pfb>
Output written on ms.pdf (38 pages, 1051748 bytes).
PDF statistics:
 593 PDF objects out of 1000 (max. 8388607)
 532 compressed objects within 6 object streams
 129 named destinations out of 1000 (max. 500000)
 243 words of extra memory for PDF output out of 10000 (max. 10000000)

