\BOOKMARK [1][-]{section.1}{Introduction}{}% 1
\BOOKMARK [2][-]{subsection.1.1}{Boundaries of Allowed Special Programs Observations}{section.1}% 2
\BOOKMARK [2][-]{subsection.1.2}{Interacting with the Science Community}{section.1}% 3
\BOOKMARK [2][-]{subsection.1.3}{A Summary of Unresolved Concerns}{section.1}% 4
\BOOKMARK [1][-]{section.2}{The Current DM Plans for Special Programs Data Processing}{}% 5
\BOOKMARK [2][-]{subsection.2.1}{Incorporating SP Data into the WFD Main Survey}{section.2}% 6
\BOOKMARK [3][-]{subsubsection.2.1.1}{Level 1 and the Alert Stream}{subsection.2.1}% 7
\BOOKMARK [3][-]{subsubsection.2.1.2}{MOPS}{subsection.2.1}% 8
\BOOKMARK [3][-]{subsubsection.2.1.3}{Level 2 Data Release Pipeline}{subsection.2.1}% 9
\BOOKMARK [2][-]{subsection.2.2}{SP Data Processing with Federated and User-Run Level 3}{section.2}% 10
\BOOKMARK [2][-]{subsection.2.3}{In-Depth Documentation Review}{section.2}% 11
\BOOKMARK [1][-]{section.3}{Questions and Potential Issues}{}% 12
\BOOKMARK [2][-]{subsection.3.1}{Alert Stream}{section.3}% 13
\BOOKMARK [2][-]{subsection.3.2}{Databases and Schema}{section.3}% 14
\BOOKMARK [2][-]{subsection.3.3}{Templates}{section.3}% 15
\BOOKMARK [2][-]{subsection.3.4}{Snap Handling}{section.3}% 16
\BOOKMARK [2][-]{subsection.3.5}{Calibrations}{section.3}% 17
\BOOKMARK [2][-]{subsection.3.6}{Custom Co-Adds}{section.3}% 18
\BOOKMARK [2][-]{subsection.3.7}{Moving Objects}{section.3}% 19
\BOOKMARK [1][-]{section.4}{Science Cases and their DM Requirements}{}% 20
\BOOKMARK [2][-]{subsection.4.1}{Nominal Observing Plans for DDF and MS}{section.4}% 21
\BOOKMARK [2][-]{subsection.4.2}{Science Descriptions \(Not Comprehensive\)}{section.4}% 22
\BOOKMARK [2][-]{subsection.4.3}{Special Programs Processing Case Studies}{section.4}% 23
\BOOKMARK [3][-]{subsubsection.4.3.1}{A Mini-Survey Searching for TNOs with Shift-and-Stack}{subsection.4.3}% 24
\BOOKMARK [3][-]{subsubsection.4.3.2}{Searching for Supernovae in Deep Drilling Fields}{subsection.4.3}% 25
\BOOKMARK [3][-]{subsubsection.4.3.3}{A Twilight Survey of Bright Stars}{subsection.4.3}% 26
\BOOKMARK [3][-]{subsubsection.4.3.4}{The Galactic Plane Survey for Variable Stars}{subsection.4.3}% 27
\BOOKMARK [3][-]{subsubsection.4.3.5}{A More Generic Level 3 Shift-and-Stack Case Study, by Mario}{subsection.4.3}% 28
\BOOKMARK [1][-]{section.5}{Conclusions}{}% 29
